
Release 14.6 - Simulation Model Generator Xilinx EDK 14.6 Build EDK_P.68d
 (lin64)
Copyright (c) 1995-2013 Xilinx, Inc.  All rights reserved.

Command Line: simgen -p xc7k325tffg676-1 -lang verilog -intstyle default -lp
/home/fbachini/NetFPGA-1G-CML-live/contrib-projects/regex_firewall_output/lib/
-pe microblaze_0 bootloops/microblaze_0.elf -msg __xps/ise/xmsgprops.lst -s isim
-tb -m behavioral system.mhs 

MHS file              : /.../regex_firewall_output/hw/system.mhs
Language (-lang)      : Verilog 
Flow (-flow)      : ISE 
Simulation Model (-m) : Behavioral
Simulator (-s)        : ISE Simulator (ISIM)
Part (-p) [ family ]  : xc7k325tffg676-1 [ kintex7 ]
External memory simulation (-external_mem_sim) : FALSE 

Output directory (-od):
/home/fbachini/NetFPGA-1G-CML-live/contrib-projects/regex_firewall_output/hw/

Library Path (-lp):
/home/fbachini/NetFPGA-1G-CML-live/contrib-projects/regex_firewall_output/lib/


Simulation Model Generator started ...

Reading MHS file ...
lp :
/home/fbachini/NetFPGA-1G-CML-live/contrib-projects/regex_firewall_output/lib/

Reading MPD definitions ...

Overriding IP level properties ...
INFO:EDK:4130 - IPNAME: axi_intc, INSTANCE:microblaze_0_intc - tcl is overriding
   PARAMETER C_NUM_INTR_INPUTS value to 3 -
   /opt/Xilinx/14.6/ISE_DS/EDK/hw/XilinxProcessorIPLib/pcores/axi_intc_v1_04_a/d
   ata/axi_intc_v2_1_0.mpd line 85 
INFO:EDK:4130 - IPNAME: microblaze, INSTANCE:microblaze_0 - tcl is overriding
   PARAMETER C_ENDIANNESS value to 1 -
   /opt/Xilinx/14.6/ISE_DS/EDK/hw/XilinxProcessorIPLib/pcores/microblaze_v8_50_b
   /data/microblaze_v2_1_0.mpd line 198 
INFO:EDK:4130 - IPNAME: microblaze, INSTANCE:microblaze_0 - tcl is overriding
   PARAMETER C_ICACHE_USE_FSL value to 0 -
   /opt/Xilinx/14.6/ISE_DS/EDK/hw/XilinxProcessorIPLib/pcores/microblaze_v8_50_b
   /data/microblaze_v2_1_0.mpd line 339 
INFO:EDK:4130 - IPNAME: microblaze, INSTANCE:microblaze_0 - tcl is overriding
   PARAMETER C_DCACHE_USE_FSL value to 0 -
   /opt/Xilinx/14.6/ISE_DS/EDK/hw/XilinxProcessorIPLib/pcores/microblaze_v8_50_b
   /data/microblaze_v2_1_0.mpd line 369 
INFO:EDK:4130 - IPNAME: axi_interconnect, INSTANCE:axi_interconnect_0 - tcl is
   overriding PARAMETER C_BASEFAMILY value to kintex7 -
   /opt/Xilinx/14.6/ISE_DS/EDK/hw/XilinxProcessorIPLib/pcores/axi_interconnect_v
   1_06_a/data/axi_interconnect_v2_1_0.mpd line 81 
orig_family is kintex7
INFO:EDK:4130 - IPNAME: axi_hwicap, INSTANCE:axi_hwicap_0 - tcl is overriding
   PARAMETER C_FAMILY value to kintex7 -
   /opt/Xilinx/14.6/ISE_DS/EDK/hw/XilinxProcessorIPLib/pcores/axi_hwicap_v2_03_a
   /data/axi_hwicap_v2_1_0.mpd line 94 

Computing clock values...
INFO:EDK:740 - Cannot determine the input clock associated with port :
   microblaze_0_i_bram_ctrl:BRAM_Clk_A. Clock DRCs will not be performed on this
   core and cores connected to it. 
INFO:EDK:740 - Cannot determine the input clock associated with port :
   microblaze_0_d_bram_ctrl:BRAM_Clk_A. Clock DRCs will not be performed on this
   core and cores connected to it. 

Performing IP level DRCs on properties...

Running DRC Tcl procedures for OPTION IPLEVEL_DRC_PROC...

**************************************************************************

For axi_hwicap v2.03.a... 
Checking the C_INCLUDE_STARTUP parameter...

With present configuration, the PORT EOS_IN is unconnected.

With present configuration, the STARTUP primitive would be used in the AXI
HWICAP core.

**************************************************************************
Address Map for Processor microblaze_0
  (0000000000-0x00003fff) microblaze_0_d_bram_ctrl	microblaze_0_dlmb
  (0000000000-0x00003fff) microblaze_0_i_bram_ctrl	microblaze_0_ilmb
  (0x40000000-0x4000ffff) axi_gpio_bpi_if	axi_interconnect_0
  (0x40200000-0x4020ffff) axi_hwicap_0	axi_interconnect_0
  (0x40600000-0x4060ffff) RS232_Uart_1	axi_interconnect_0
  (0x41200000-0x4120ffff) microblaze_0_intc	axi_interconnect_0
  (0x41400000-0x4140ffff) debug_module	axi_interconnect_0
  (0x41a00000-0x41a0ffff) axi_timebase_wdt_0	axi_interconnect_0
  (0x70800000-0x7080ffff) packet_eval_output_0	axi_interconnect_0
  (0x76600000-0x7660ffff) nf10_bram_output_queues_0	axi_interconnect_0
  (0x76800000-0x7680ffff) mdio_ctrl_0	axi_interconnect_0
  (0x77a00000-0x77a0ffff) nf10_input_arbiter_0	axi_interconnect_0
  (0x77e00000-0x77e0ffff) nf1_cml_interface_3	axi_interconnect_0
  (0x77e20000-0x77e2ffff) nf1_cml_interface_2	axi_interconnect_0
  (0x77e40000-0x77e4ffff) nf1_cml_interface_1	axi_interconnect_0
  (0x77e60000-0x77e6ffff) nf1_cml_interface_0	axi_interconnect_0
  (0x78600000-0x7860ffff) nf10_identifier_0	axi_interconnect_0
  (0x7a800000-0x7a80ffff) dma_0	axi_interconnect_0
INFO:EDK:4130 - IPNAME: lmb_v10, INSTANCE:microblaze_0_ilmb - tool is overriding
   PARAMETER C_LMB_NUM_SLAVES value to 1 -
   /opt/Xilinx/14.6/ISE_DS/EDK/hw/XilinxProcessorIPLib/pcores/lmb_v10_v2_00_b/da
   ta/lmb_v10_v2_1_0.mpd line 82 
INFO:EDK:4130 - IPNAME: lmb_v10, INSTANCE:microblaze_0_dlmb - tool is overriding
   PARAMETER C_LMB_NUM_SLAVES value to 1 -
   /opt/Xilinx/14.6/ISE_DS/EDK/hw/XilinxProcessorIPLib/pcores/lmb_v10_v2_00_b/da
   ta/lmb_v10_v2_1_0.mpd line 82 
INFO:EDK:4130 - IPNAME: bram_block, INSTANCE:microblaze_0_bram_block - tool is
   overriding PARAMETER C_MEMSIZE value to 0x4000 -
   /opt/Xilinx/14.6/ISE_DS/EDK/hw/XilinxProcessorIPLib/pcores/bram_block_v1_00_a
   /data/bram_block_v2_1_0.mpd line 78 

Checking platform address map ...

Checking platform configuration ...
IPNAME: lmb_v10, INSTANCE: microblaze_0_ilmb - 1 master(s) : 1 slave(s) 
IPNAME: lmb_v10, INSTANCE: microblaze_0_dlmb - 1 master(s) : 1 slave(s) 
IPNAME: axi_interconnect, INSTANCE: axi_interconnect_0 - 2 master(s) : 16
slave(s) 

Checking port drivers...
WARNING:EDK:4180 - PORT: Interrupt_address_in, CONNECTOR: Interrupt_address_in -
   No driver found. Port will be driven to GND -
   /opt/Xilinx/14.6/ISE_DS/EDK/hw/XilinxProcessorIPLib/pcores/axi_intc_v1_04_a/d
   ata/axi_intc_v2_1_0.mpd line 131 
WARNING:EDK:4181 - PORT: util_ds_buf_0_IBUF_DS_P_pin, CONNECTOR:
   net_util_ds_buf_0_IBUF_DS_P_pin - floating connection -
   /home/fbachini/NetFPGA-1G-CML-live/contrib-projects/regex_firewall_output/hw/
   system.mhs line 61 
WARNING:EDK:4181 - PORT: Processor_ack_out, CONNECTOR: Processor_ack_out -
   floating connection -
   /opt/Xilinx/14.6/ISE_DS/EDK/hw/XilinxProcessorIPLib/pcores/axi_intc_v1_04_a/d
   ata/axi_intc_v2_1_0.mpd line 132 
WARNING:EDK:4181 - PORT: CLKOUT3, CONNECTOR: clk_125_0000Mhz_90 - floating
   connection -
   /home/fbachini/NetFPGA-1G-CML-live/contrib-projects/regex_firewall_output/hw/
   system.mhs line 211 

Performing Clock DRCs...
INFO:EDK - Design contains multiple instances of clock_generator IP, all clock
   connections should be done by user. XPS Clocking Wizard supports only one
   instance of clock_generator.

Performing Reset DRCs...

Overriding system level properties...
INFO:EDK:4130 - IPNAME: axi_intc, INSTANCE:microblaze_0_intc - tcl is overriding
   PARAMETER C_KIND_OF_INTR value to 0b11111111111111111111111111111101 -
   /opt/Xilinx/14.6/ISE_DS/EDK/hw/XilinxProcessorIPLib/pcores/axi_intc_v1_04_a/d
   ata/axi_intc_v2_1_0.mpd line 87 
INFO:EDK:4130 - IPNAME: axi_intc, INSTANCE:microblaze_0_intc - tcl is overriding
   PARAMETER C_KIND_OF_EDGE value to 0b11111111111111111111111111111111 -
   /opt/Xilinx/14.6/ISE_DS/EDK/hw/XilinxProcessorIPLib/pcores/axi_intc_v1_04_a/d
   ata/axi_intc_v2_1_0.mpd line 88 
INFO:EDK:4130 - IPNAME: axi_intc, INSTANCE:microblaze_0_intc - tcl is overriding
   PARAMETER C_KIND_OF_LVL value to 0b11111111111111111111111111111111 -
   /opt/Xilinx/14.6/ISE_DS/EDK/hw/XilinxProcessorIPLib/pcores/axi_intc_v1_04_a/d
   ata/axi_intc_v2_1_0.mpd line 89 
INFO:EDK:4130 - IPNAME: lmb_bram_if_cntlr, INSTANCE:microblaze_0_i_bram_ctrl -
   tcl is overriding PARAMETER C_MASK value to 0x40000000 -
   /opt/Xilinx/14.6/ISE_DS/EDK/hw/XilinxProcessorIPLib/pcores/lmb_bram_if_cntlr_
   v3_10_c/data/lmb_bram_if_cntlr_v2_1_0.mpd line 92 
INFO:EDK:4130 - IPNAME: lmb_bram_if_cntlr, INSTANCE:microblaze_0_d_bram_ctrl -
   tcl is overriding PARAMETER C_MASK value to 0x40000000 -
   /opt/Xilinx/14.6/ISE_DS/EDK/hw/XilinxProcessorIPLib/pcores/lmb_bram_if_cntlr_
   v3_10_c/data/lmb_bram_if_cntlr_v2_1_0.mpd line 92 
INFO:EDK:4130 - IPNAME: microblaze, INSTANCE:microblaze_0 - tcl is overriding
   PARAMETER C_D_AXI value to 1 -
   /opt/Xilinx/14.6/ISE_DS/EDK/hw/XilinxProcessorIPLib/pcores/microblaze_v8_50_b
   /data/microblaze_v2_1_0.mpd line 232 
INFO:EDK:4130 - IPNAME: microblaze, INSTANCE:microblaze_0 - tcl is overriding
   PARAMETER C_ADDR_TAG_BITS value to 0 -
   /opt/Xilinx/14.6/ISE_DS/EDK/hw/XilinxProcessorIPLib/pcores/microblaze_v8_50_b
   /data/microblaze_v2_1_0.mpd line 337 
INFO:EDK:4130 - IPNAME: microblaze, INSTANCE:microblaze_0 - tcl is overriding
   PARAMETER C_DCACHE_ADDR_TAG value to 0 -
   /opt/Xilinx/14.6/ISE_DS/EDK/hw/XilinxProcessorIPLib/pcores/microblaze_v8_50_b
   /data/microblaze_v2_1_0.mpd line 367 
INFO:EDK:4130 - IPNAME: microblaze, INSTANCE:microblaze_0 - tcl is overriding
   PARAMETER C_USE_INTERRUPT value to 1 -
   /opt/Xilinx/14.6/ISE_DS/EDK/hw/XilinxProcessorIPLib/pcores/microblaze_v8_50_b
   /data/microblaze_v2_1_0.mpd line 401 
INFO:EDK:4130 - IPNAME: microblaze, INSTANCE:microblaze_0 - tcl is overriding
   PARAMETER C_USE_EXT_BRK value to 1 -
   /opt/Xilinx/14.6/ISE_DS/EDK/hw/XilinxProcessorIPLib/pcores/microblaze_v8_50_b
   /data/microblaze_v2_1_0.mpd line 402 
INFO:EDK:4130 - IPNAME: microblaze, INSTANCE:microblaze_0 - tcl is overriding
   PARAMETER C_USE_EXT_NM_BRK value to 1 -
   /opt/Xilinx/14.6/ISE_DS/EDK/hw/XilinxProcessorIPLib/pcores/microblaze_v8_50_b
   /data/microblaze_v2_1_0.mpd line 403 

INFO: Setting C_RANGE_CHECK = ON for axi_interconnect axi_interconnect_0.
INFO:EDK:4130 - IPNAME: axi_interconnect, INSTANCE:axi_interconnect_0 - tcl is
   overriding PARAMETER C_RANGE_CHECK value to 1 -
   /opt/Xilinx/14.6/ISE_DS/EDK/hw/XilinxProcessorIPLib/pcores/axi_interconnect_v
   1_06_a/data/axi_interconnect_v2_1_0.mpd line 149 

Running system level update procedures...

Running UPDATE Tcl procedures for OPTION SYSLEVEL_UPDATE_PROC...

Running system level DRCs...

Performing System level DRCs on properties...

Running DRC Tcl procedures for OPTION SYSLEVEL_DRC_PROC...
INTC INFO:: Processor_clk not connected.. IRQ to Microblaze is generated on AXI
clock.

Running UPDATE Tcl procedures for OPTION SIMGEN_SYSLEVEL_UPDATE_PROC...

Elaborating instances ...
IPNAME:bram_block INSTANCE:microblaze_0_bram_block -
/home/fbachini/NetFPGA-1G-CML-live/contrib-projects/regex_firewall_output/hw/sys
tem.mhs line 126 - elaborating IP
IPNAME:clock_generator INSTANCE:clock_generator_0 -
/home/fbachini/NetFPGA-1G-CML-live/contrib-projects/regex_firewall_output/hw/sys
tem.mhs line 170 - elaborating IP
ClkGen elaborate status: PASSED
----------------------------------------
----------------------------------------
IPNAME:clock_generator INSTANCE:clock_generator_1 -
/home/fbachini/NetFPGA-1G-CML-live/contrib-projects/regex_firewall_output/hw/sys
tem.mhs line 441 - elaborating IP
ClkGen elaborate status: PASSED
----------------------------------------
----------------------------------------

Generating simulation files ...

Writing HDL for elaborated instances ...

Inserting wrapper level ...

Constructing platform-level signal connectivity ...

Writing HDL ...

Writing BMM ...

Writing memory initialization files ...

Generating Memory Initialization Files ...

Overriding IP level properties ...
INFO:EDK:4130 - IPNAME: axi_intc, INSTANCE:microblaze_0_intc - tcl is overriding
   PARAMETER C_NUM_INTR_INPUTS value to 3 -
   /opt/Xilinx/14.6/ISE_DS/EDK/hw/XilinxProcessorIPLib/pcores/axi_intc_v1_04_a/d
   ata/axi_intc_v2_1_0.mpd line 85 
INFO:EDK:4130 - IPNAME: microblaze, INSTANCE:microblaze_0 - tcl is overriding
   PARAMETER C_ENDIANNESS value to 1 -
   /opt/Xilinx/14.6/ISE_DS/EDK/hw/XilinxProcessorIPLib/pcores/microblaze_v8_50_b
   /data/microblaze_v2_1_0.mpd line 198 
INFO:EDK:4130 - IPNAME: microblaze, INSTANCE:microblaze_0 - tcl is overriding
   PARAMETER C_ICACHE_USE_FSL value to 0 -
   /opt/Xilinx/14.6/ISE_DS/EDK/hw/XilinxProcessorIPLib/pcores/microblaze_v8_50_b
   /data/microblaze_v2_1_0.mpd line 339 
INFO:EDK:4130 - IPNAME: microblaze, INSTANCE:microblaze_0 - tcl is overriding
   PARAMETER C_DCACHE_USE_FSL value to 0 -
   /opt/Xilinx/14.6/ISE_DS/EDK/hw/XilinxProcessorIPLib/pcores/microblaze_v8_50_b
   /data/microblaze_v2_1_0.mpd line 369 
INFO:EDK:4130 - IPNAME: axi_interconnect, INSTANCE:axi_interconnect_0 - tcl is
   overriding PARAMETER C_BASEFAMILY value to kintex7 -
   /opt/Xilinx/14.6/ISE_DS/EDK/hw/XilinxProcessorIPLib/pcores/axi_interconnect_v
   1_06_a/data/axi_interconnect_v2_1_0.mpd line 81 
orig_family is kintex7
INFO:EDK:4130 - IPNAME: axi_hwicap, INSTANCE:axi_hwicap_0 - tcl is overriding
   PARAMETER C_FAMILY value to kintex7 -
   /opt/Xilinx/14.6/ISE_DS/EDK/hw/XilinxProcessorIPLib/pcores/axi_hwicap_v2_03_a
   /data/axi_hwicap_v2_1_0.mpd line 94 

Computing clock values...
INFO:EDK:740 - Cannot determine the input clock associated with port :
   microblaze_0_i_bram_ctrl:BRAM_Clk_A. Clock DRCs will not be performed on this
   core and cores connected to it. 
INFO:EDK:740 - Cannot determine the input clock associated with port :
   microblaze_0_d_bram_ctrl:BRAM_Clk_A. Clock DRCs will not be performed on this
   core and cores connected to it. 
Address Map for Processor microblaze_0
  (0000000000-0x00003fff) microblaze_0_d_bram_ctrl	microblaze_0_dlmb
  (0000000000-0x00003fff) microblaze_0_i_bram_ctrl	microblaze_0_ilmb
  (0x40000000-0x4000ffff) axi_gpio_bpi_if	axi_interconnect_0
  (0x40200000-0x4020ffff) axi_hwicap_0	axi_interconnect_0
  (0x40600000-0x4060ffff) RS232_Uart_1	axi_interconnect_0
  (0x41200000-0x4120ffff) microblaze_0_intc	axi_interconnect_0
  (0x41400000-0x4140ffff) debug_module	axi_interconnect_0
  (0x41a00000-0x41a0ffff) axi_timebase_wdt_0	axi_interconnect_0
  (0x70800000-0x7080ffff) packet_eval_output_0	axi_interconnect_0
  (0x76600000-0x7660ffff) nf10_bram_output_queues_0	axi_interconnect_0
  (0x76800000-0x7680ffff) mdio_ctrl_0	axi_interconnect_0
  (0x77a00000-0x77a0ffff) nf10_input_arbiter_0	axi_interconnect_0
  (0x77e00000-0x77e0ffff) nf1_cml_interface_3	axi_interconnect_0
  (0x77e20000-0x77e2ffff) nf1_cml_interface_2	axi_interconnect_0
  (0x77e40000-0x77e4ffff) nf1_cml_interface_1	axi_interconnect_0
  (0x77e60000-0x77e6ffff) nf1_cml_interface_0	axi_interconnect_0
  (0x78600000-0x7860ffff) nf10_identifier_0	axi_interconnect_0
  (0x7a800000-0x7a80ffff) dma_0	axi_interconnect_0
INFO:EDK:4130 - IPNAME: lmb_v10, INSTANCE:microblaze_0_ilmb - tool is overriding
   PARAMETER C_LMB_NUM_SLAVES value to 1 -
   /opt/Xilinx/14.6/ISE_DS/EDK/hw/XilinxProcessorIPLib/pcores/lmb_v10_v2_00_b/da
   ta/lmb_v10_v2_1_0.mpd line 82 
INFO:EDK:4130 - IPNAME: lmb_v10, INSTANCE:microblaze_0_dlmb - tool is overriding
   PARAMETER C_LMB_NUM_SLAVES value to 1 -
   /opt/Xilinx/14.6/ISE_DS/EDK/hw/XilinxProcessorIPLib/pcores/lmb_v10_v2_00_b/da
   ta/lmb_v10_v2_1_0.mpd line 82 
INFO:EDK:4130 - IPNAME: bram_block, INSTANCE:microblaze_0_bram_block - tool is
   overriding PARAMETER C_MEMSIZE value to 0x4000 -
   /opt/Xilinx/14.6/ISE_DS/EDK/hw/XilinxProcessorIPLib/pcores/bram_block_v1_00_a
   /data/bram_block_v2_1_0.mpd line 78 

Checking platform address map ...
Running Data2Mem with the following command:
data2mem -bm system_sim.bmm  -bd
/home/fbachini/NetFPGA-1G-CML-live/contrib-projects/regex_firewall_output/hw/boo
tloops/microblaze_0.elf tag microblaze_0  -bx
/home/fbachini/NetFPGA-1G-CML-live/contrib-projects/regex_firewall_output/hw/sim
ulation/behavioral -u   -p xc7k325tffg676-1 

Generating simulator compile script ...

Generating simulator helper scripts ...
Simulation Model Generator done!

